<?xml version="1.0" encoding="UTF-8"?>
<testng-results skipped="0" failed="0" ignored="0" total="1" passed="1">
  <reporter-output>
  </reporter-output>
  <suite name="Default suite" duration-ms="11055" started-at="2020-03-11T00:06:17Z" finished-at="2020-03-11T00:06:28Z">
    <groups>
    </groups>
    <test name="Default test" duration-ms="11055" started-at="2020-03-11T00:06:17Z" finished-at="2020-03-11T00:06:28Z">
      <class name="phase3.UploadFile">
        <test-method status="PASS" signature="uploadTest()[pri:0, instance:phase3.UploadFile@19e13df]" name="uploadTest" duration-ms="10994" started-at="2020-03-11T00:06:17Z" finished-at="2020-03-11T00:06:28Z">
          <reporter-output>
          </reporter-output>
        </test-method> <!-- uploadTest -->
      </class> <!-- phase3.UploadFile -->
    </test> <!-- Default test -->
  </suite> <!-- Default suite -->
</testng-results>
